

@startuml
autonumber
actor Bob as Foo #red
actor       Actor       as Foo1 #yellow
boundary    Boundary    as Foo2
control     Control     as Foo3
entity      Entity      as Foo4
database    Database    as Foo5 #gray
collections Collections as Foo6
queue       Queue       as Foo7 #blue
Foo -> Foo1 : To actor 
Foo -[#0000FF]> Foo2 : To boundary
Foo -> Foo3 : To control
Foo -[#cyan]> Foo4 : To entity
autonumber 15
Foo -> Foo5 : To database
autonumber 50 10
Foo -> Foo6 : To collections
Foo -> Foo7: To queue
@enduml